<testsuites id="" name="" tests="50" failures="0" skipped="0" errors="0" time="47.284876000000004">
<testsuite name="homepage.spec.ts" timestamp="2025-07-16T12:45:42.034Z" hostname="chromium" tests="10" failures="0" skipped="0" time="34.13" errors="0">
<testcase name="Homepage › should display the main site navigation" classname="homepage.spec.ts" time="2.457">
</testcase>
<testcase name="Homepage › should have working category links" classname="homepage.spec.ts" time="6.354">
</testcase>
<testcase name="Homepage › should have search link navigation" classname="homepage.spec.ts" time="4.105">
</testcase>
<testcase name="Homepage › should display recent updates section" classname="homepage.spec.ts" time="3.021">
</testcase>
<testcase name="Homepage › should have proper footer" classname="homepage.spec.ts" time="2.645">
</testcase>
<testcase name="Homepage › should have proper meta tags and SEO" classname="homepage.spec.ts" time="2.857">
</testcase>
<testcase name="Homepage › should be responsive on mobile" classname="homepage.spec.ts" time="2.617">
</testcase>
<testcase name="Homepage › should have proper contrast and accessibility" classname="homepage.spec.ts" time="3.374">
</testcase>
<testcase name="Homepage › should load within performance thresholds" classname="homepage.spec.ts" time="2.89">
</testcase>
<testcase name="Homepage › should handle keyboard navigation" classname="homepage.spec.ts" time="3.81">
</testcase>
</testsuite>
<testsuite name="homepage.spec.ts" timestamp="2025-07-16T12:45:42.034Z" hostname="firefox" tests="10" failures="0" skipped="0" time="56.224" errors="0">
<testcase name="Homepage › should display the main site navigation" classname="homepage.spec.ts" time="8.213">
</testcase>
<testcase name="Homepage › should have working category links" classname="homepage.spec.ts" time="12.722">
</testcase>
<testcase name="Homepage › should have search link navigation" classname="homepage.spec.ts" time="1.842">
</testcase>
<testcase name="Homepage › should display recent updates section" classname="homepage.spec.ts" time="3.131">
</testcase>
<testcase name="Homepage › should have proper footer" classname="homepage.spec.ts" time="6.112">
</testcase>
<testcase name="Homepage › should have proper meta tags and SEO" classname="homepage.spec.ts" time="2.856">
</testcase>
<testcase name="Homepage › should be responsive on mobile" classname="homepage.spec.ts" time="6.432">
</testcase>
<testcase name="Homepage › should have proper contrast and accessibility" classname="homepage.spec.ts" time="2.679">
</testcase>
<testcase name="Homepage › should load within performance thresholds" classname="homepage.spec.ts" time="4.094">
</testcase>
<testcase name="Homepage › should handle keyboard navigation" classname="homepage.spec.ts" time="8.143">
</testcase>
</testsuite>
<testsuite name="homepage.spec.ts" timestamp="2025-07-16T12:45:42.034Z" hostname="webkit" tests="10" failures="0" skipped="0" time="54.414" errors="0">
<testcase name="Homepage › should display the main site navigation" classname="homepage.spec.ts" time="2.807">
</testcase>
<testcase name="Homepage › should have working category links" classname="homepage.spec.ts" time="15.73">
</testcase>
<testcase name="Homepage › should have search link navigation" classname="homepage.spec.ts" time="6.941">
</testcase>
<testcase name="Homepage › should display recent updates section" classname="homepage.spec.ts" time="5.219">
</testcase>
<testcase name="Homepage › should have proper footer" classname="homepage.spec.ts" time="3.631">
</testcase>
<testcase name="Homepage › should have proper meta tags and SEO" classname="homepage.spec.ts" time="4.766">
</testcase>
<testcase name="Homepage › should be responsive on mobile" classname="homepage.spec.ts" time="2.302">
</testcase>
<testcase name="Homepage › should have proper contrast and accessibility" classname="homepage.spec.ts" time="2.969">
</testcase>
<testcase name="Homepage › should load within performance thresholds" classname="homepage.spec.ts" time="3.036">
</testcase>
<testcase name="Homepage › should handle keyboard navigation" classname="homepage.spec.ts" time="7.013">
</testcase>
</testsuite>
<testsuite name="homepage.spec.ts" timestamp="2025-07-16T12:45:42.034Z" hostname="Mobile Chrome" tests="10" failures="0" skipped="0" time="37.211" errors="0">
<testcase name="Homepage › should display the main site navigation" classname="homepage.spec.ts" time="2.356">
</testcase>
<testcase name="Homepage › should have working category links" classname="homepage.spec.ts" time="9.767">
</testcase>
<testcase name="Homepage › should have search link navigation" classname="homepage.spec.ts" time="4.481">
</testcase>
<testcase name="Homepage › should display recent updates section" classname="homepage.spec.ts" time="3.513">
</testcase>
<testcase name="Homepage › should have proper footer" classname="homepage.spec.ts" time="2.993">
</testcase>
<testcase name="Homepage › should have proper meta tags and SEO" classname="homepage.spec.ts" time="2.985">
</testcase>
<testcase name="Homepage › should be responsive on mobile" classname="homepage.spec.ts" time="2.597">
</testcase>
<testcase name="Homepage › should have proper contrast and accessibility" classname="homepage.spec.ts" time="2.878">
</testcase>
<testcase name="Homepage › should load within performance thresholds" classname="homepage.spec.ts" time="2.239">
</testcase>
<testcase name="Homepage › should handle keyboard navigation" classname="homepage.spec.ts" time="3.402">
</testcase>
</testsuite>
<testsuite name="homepage.spec.ts" timestamp="2025-07-16T12:45:42.034Z" hostname="Mobile Safari" tests="10" failures="0" skipped="0" time="35.178" errors="0">
<testcase name="Homepage › should display the main site navigation" classname="homepage.spec.ts" time="2.951">
</testcase>
<testcase name="Homepage › should have working category links" classname="homepage.spec.ts" time="7.371">
</testcase>
<testcase name="Homepage › should have search link navigation" classname="homepage.spec.ts" time="4.69">
</testcase>
<testcase name="Homepage › should display recent updates section" classname="homepage.spec.ts" time="2.838">
</testcase>
<testcase name="Homepage › should have proper footer" classname="homepage.spec.ts" time="2.701">
</testcase>
<testcase name="Homepage › should have proper meta tags and SEO" classname="homepage.spec.ts" time="3.072">
</testcase>
<testcase name="Homepage › should be responsive on mobile" classname="homepage.spec.ts" time="2.889">
</testcase>
<testcase name="Homepage › should have proper contrast and accessibility" classname="homepage.spec.ts" time="2.695">
</testcase>
<testcase name="Homepage › should load within performance thresholds" classname="homepage.spec.ts" time="2.683">
</testcase>
<testcase name="Homepage › should handle keyboard navigation" classname="homepage.spec.ts" time="3.288">
</testcase>
</testsuite>
</testsuites>